#
# A fatal error has been detected by the Java Runtime Environment:
#
#  SIGSEGV (0xb) at pc=0x00007f7a253f2a72, pid=7388, tid=140161245079296
#
# JRE version: Java(TM) SE Runtime Environment (8.0_51-b16) (build 1.8.0_51-b16)
# Java VM: Java HotSpot(TM) 64-Bit Server VM (25.51-b03 mixed mode linux-amd64 compressed oops)
# Problematic frame:
# C  [libc.so.6+0x151a72]
#
# Failed to write core dump. Core dumps have been disabled. To enable core dumping, try "ulimit -c unlimited" before starting Java again
#
# If you would like to submit a bug report, please visit:
#   http://bugreport.java.com/bugreport/crash.jsp
# The crash happened outside the Java Virtual Machine in native code.
# See problematic frame for where to report the bug.
#

---------------  T H R E A D  ---------------

Current thread (0x00007f79bc022000):  JavaThread "1565513457@qtp-1135935001-6" [_thread_in_native, id=7471, stack(0x00007f79d5296000,0x00007f79d5397000)]

siginfo: si_signo: 11 (SIGSEGV), si_code: 2 (SEGV_ACCERR), si_addr: 0x00007f79fc04f000

Registers:
RAX=0x0000000000e54b50, RBX=0x000000000000cd11, RCX=0x000000000000ccf1, RDX=0x000000000000b3f1
RSP=0x00007f79d5392448, RBP=0x00007f79d53924a0, RSI=0x00007f79fc04efba, RDI=0x0000000000e56370
R8 =0x0000000000e54b50, R9 =0x00007f79fb1f8c4a, R10=0x00007f7a2565f7b8, R11=0x00007f7a25428c01
R12=0x00007f79fc0455b8, R13=0x0000000000e2cfc0, R14=0x00000000000081b4, R15=0x00007f7a1cb04a60
RIP=0x00007f7a253f2a72, EFLAGS=0x0000000000010202, CSGSFS=0x0000000000000033, ERR=0x0000000000000004
  TRAPNO=0x000000000000000e

Top of Stack: (sp=0x00007f79d5392448)
0x00007f79d5392448:   00007f7a22f49a1e 00007f79d5392c70
0x00007f79d5392458:   cd11b47900000000 0000000000000000
0x00007f79d5392468:   0000000065686361 0000000000e2cfc0
0x00007f79d5392478:   00007f7a1cb55000 00007f79c85ad7a0
0x00007f79d5392488:   00007f7a1cb04a60 00000000d1808e4c
0x00007f79d5392498:   000000000000002a 00007f79d5392500
0x00007f79d53924a8:   00007f7a22f49f2f 00007f79bc022000
0x00007f79d53924b8:   01007f79bc022000 00007f79d5392520
0x00007f79d53924c8:   00007f79d539254b 00007f79d5392549
0x00007f79d53924d8:   00007f79d5392520 000000000000002a
0x00007f79d53924e8:   00007f79bc0221f8 00007f79d5392978
0x00007f79d53924f8:   0000000000000001 00007f79d5392960
0x00007f79d5392508:   00007f7a22f3bd30 00007f79d53926a0
0x00007f79d5392518:   00007f7a1cb04a60 636170612f67726f
0x00007f79d5392528:   6e657961632f6568 2f6c6974752f656e
0x00007f79d5392538:   707365527473694c 616c632e65736e6f
0x00007f79d5392548:   00007f79d5007373 00007f79bc0221f8
0x00007f79d5392558:   00007f7a249bb7e0 00007f79d82d7ec0
0x00007f79d5392568:   00007f79d82d7ed0 00007f79d82d82a8
0x00007f79d5392578:   00000000000003d8 00007f79d5394620
0x00007f79d5392588:   00000000dabd3f58 00000000852981d8
0x00007f79d5392598:   00007f79d57b5880 00007f7921bebf38
0x00007f79d53925a8:   00007f79d5f85848 00007f79d57c5fa8
0x00007f79d53925b8:   00007f79d57c5948 00007f79d57c5988
0x00007f79d53925c8:   00007f79d5010134 00007f79d53948a8
0x00007f79d53925d8:   00007f79d5392588 00007f79d53925c9
0x00007f79d53925e8:   0000000800000002 00007f79d5ba5500
0x00007f79d53925f8:   0000000000000000 00007f7a25218530
0x00007f79d5392608:   00007f7a25cfc4a0 00000000d6f3eca0
0x00007f79d5392618:   00007f79d57c5928 0000000000000000
0x00007f79d5392628:   00000000dabd3860 00007f7a2152f3a8
0x00007f79d5392638:   00007f79bc022000 00007f7a2152f3a8 

Instructions: (pc=0x00007f7a253f2a72)
0x00007f7a253f2a52:   18 87 80 02 00 00 48 81 ea 80 00 00 00 f3 0f 6f
0x00007f7a253f2a62:   06 f3 0f 6f 4e 10 f3 0f 6f 56 20 f3 0f 6f 5e 30
0x00007f7a253f2a72:   f3 0f 6f 66 40 f3 0f 6f 6e 50 f3 0f 6f 76 60 f3
0x00007f7a253f2a82:   0f 6f 7e 70 66 0f 7f 07 66 0f 7f 4f 10 66 0f 7f 

Register to memory mapping:

RAX=0x0000000000e54b50 is an unknown value
RBX=0x000000000000cd11 is an unknown value
RCX=0x000000000000ccf1 is an unknown value
RDX=0x000000000000b3f1 is an unknown value
RSP=0x00007f79d5392448 is pointing into the stack for thread: 0x00007f79bc022000
RBP=0x00007f79d53924a0 is pointing into the stack for thread: 0x00007f79bc022000
RSI=0x00007f79fc04efba: <offset 0xfba> in /home/olga/Downloads/idea-IU-143.381.42/bin/libbreakgen64.so at 0x00007f79fc04e000
RDI=0x0000000000e56370 is an unknown value
R8 =0x0000000000e54b50 is an unknown value
R9 =0x00007f79fb1f8c4a is an unknown value
R10=0x00007f7a2565f7b8: <offset 0x3be7b8> in /lib/x86_64-linux-gnu/libc.so.6 at 0x00007f7a252a1000
R11=0x00007f7a25428c01: <offset 0x187c01> in /lib/x86_64-linux-gnu/libc.so.6 at 0x00007f7a252a1000
R12=0x00007f79fc0455b8 is an unknown value
R13=0x0000000000e2cfc0 is an unknown value
R14=0x00000000000081b4 is an unknown value
R15=0x00007f7a1cb04a60 is an unknown value


Stack: [0x00007f79d5296000,0x00007f79d5397000],  sp=0x00007f79d5392448,  free space=1009k
Native frames: (J=compiled Java code, j=interpreted, Vv=VM code, C=native code)
C  [libc.so.6+0x151a72]
C  [libzip.so+0x11f2f]  ZIP_GetEntry2+0xff
C  [libzip.so+0x3d30]  Java_java_util_zip_ZipFile_getEntry+0xf0
J 120  java.util.zip.ZipFile.getEntry(J[BZ)J (0 bytes) @ 0x00007f7a0d14254e [0x00007f7a0d142480+0xce]
J 2861 C2 sun.misc.URLClassPath$JarLoader.getResource(Ljava/lang/String;Z)Lsun/misc/Resource; (85 bytes) @ 0x00007f7a0d9040e4 [0x00007f7a0d903c80+0x464]

Java frames: (J=compiled Java code, j=interpreted, Vv=VM code)
J 120  java.util.zip.ZipFile.getEntry(J[BZ)J (0 bytes) @ 0x00007f7a0d1424d8 [0x00007f7a0d142480+0x58]
J 2861 C2 sun.misc.URLClassPath$JarLoader.getResource(Ljava/lang/String;Z)Lsun/misc/Resource; (85 bytes) @ 0x00007f7a0d9040e4 [0x00007f7a0d903c80+0x464]
J 3549 C2 java.net.URLClassLoader$1.run()Ljava/lang/Object; (5 bytes) @ 0x00007f7a0dafa2b8 [0x00007f7a0daf9d60+0x558]
v  ~StubRoutines::call_stub
J 238  java.security.AccessController.doPrivileged(Ljava/security/PrivilegedExceptionAction;Ljava/security/AccessControlContext;)Ljava/lang/Object; (0 bytes) @ 0x00007f7a0d188763 [0x00007f7a0d188700+0x63]
J 2957 C2 java.net.URLClassLoader.findClass(Ljava/lang/String;)Ljava/lang/Class; (47 bytes) @ 0x00007f7a0d943b30 [0x00007f7a0d943aa0+0x90]
J 2819 C1 org.mortbay.jetty.webapp.WebAppClassLoader.loadClass(Ljava/lang/String;Z)Ljava/lang/Class; (200 bytes) @ 0x00007f7a0d8b5c94 [0x00007f7a0d8b4b00+0x1194]
J 2818 C1 org.mortbay.jetty.webapp.WebAppClassLoader.loadClass(Ljava/lang/String;)Ljava/lang/Class; (7 bytes) @ 0x00007f7a0d894fd4 [0x00007f7a0d894f40+0x94]
v  ~StubRoutines::call_stub
j  org.apache.cayenne.access.DataDomainQueryAction.interceptSharedCache()Z+106
j  org.apache.cayenne.access.DataDomainQueryAction.execute()Lorg/apache/cayenne/QueryResponse;+25
j  org.apache.cayenne.access.DataDomain.onQueryNoFilters(Lorg/apache/cayenne/ObjectContext;Lorg/apache/cayenne/query/Query;)Lorg/apache/cayenne/QueryResponse;+10
j  org.apache.cayenne.access.DataDomain$DataDomainQueryFilterChain.onQuery(Lorg/apache/cayenne/ObjectContext;Lorg/apache/cayenne/query/Query;)Lorg/apache/cayenne/QueryResponse;+27
j  org.apache.cayenne.tx.TransactionFilter.onQuery(Lorg/apache/cayenne/ObjectContext;Lorg/apache/cayenne/query/Query;Lorg/apache/cayenne/DataChannelFilterChain;)Lorg/apache/cayenne/QueryResponse;+3
j  org.apache.cayenne.access.DataDomain$DataDomainQueryFilterChain.onQuery(Lorg/apache/cayenne/ObjectContext;Lorg/apache/cayenne/query/Query;)Lorg/apache/cayenne/QueryResponse;+13
j  org.apache.cayenne.access.DataDomain.onQuery(Lorg/apache/cayenne/ObjectContext;Lorg/apache/cayenne/query/Query;)Lorg/apache/cayenne/QueryResponse;+14
j  org.apache.cayenne.util.ObjectContextQueryAction.runQuery()V+18
j  org.apache.cayenne.util.ObjectContextQueryAction.executePostCache()V+17
j  org.apache.cayenne.util.ObjectContextQueryAction.execute()Lorg/apache/cayenne/QueryResponse;+33
j  org.apache.cayenne.access.DataContext.onQuery(Lorg/apache/cayenne/ObjectContext;Lorg/apache/cayenne/query/Query;)Lorg/apache/cayenne/QueryResponse;+10
j  org.apache.cayenne.access.ClientServerChannelQueryAction.runQuery()V+13
j  org.apache.cayenne.access.ClientServerChannelQueryAction.execute()Lorg/apache/cayenne/QueryResponse;+9
j  org.apache.cayenne.access.ClientServerChannel.onQuery(Lorg/apache/cayenne/ObjectContext;Lorg/apache/cayenne/query/Query;)Lorg/apache/cayenne/QueryResponse;+9
j  org.apache.cayenne.remote.service.DispatchHelper.dispatch(Lorg/apache/cayenne/DataChannel;Lorg/apache/cayenne/remote/ClientMessage;)Ljava/lang/Object;+16
j  org.apache.cayenne.remote.service.BaseRemoteService.processMessage(Lorg/apache/cayenne/remote/ClientMessage;)Ljava/lang/Object;+76
j  org.apache.cayenne.rop.ROPServlet.doPost(Ljavax/servlet/http/HttpServletRequest;Ljavax/servlet/http/HttpServletResponse;)V+277
j  javax.servlet.http.HttpServlet.service(Ljavax/servlet/http/HttpServletRequest;Ljavax/servlet/http/HttpServletResponse;)V+139
j  javax.servlet.http.HttpServlet.service(Ljavax/servlet/ServletRequest;Ljavax/servlet/ServletResponse;)V+30
j  org.mortbay.jetty.servlet.ServletHolder.handle(Ljavax/servlet/ServletRequest;Ljavax/servlet/ServletResponse;)V+176
j  org.mortbay.jetty.servlet.ServletHandler.handle(Ljava/lang/String;Ljavax/servlet/http/HttpServletRequest;Ljavax/servlet/http/HttpServletResponse;I)V+477
j  org.mortbay.jetty.security.SecurityHandler.handle(Ljava/lang/String;Ljavax/servlet/http/HttpServletRequest;Ljavax/servlet/http/HttpServletResponse;I)V+206
j  org.mortbay.jetty.servlet.SessionHandler.handle(Ljava/lang/String;Ljavax/servlet/http/HttpServletRequest;Ljavax/servlet/http/HttpServletResponse;I)V+225
j  org.mortbay.jetty.handler.ContextHandler.handle(Ljava/lang/String;Ljavax/servlet/http/HttpServletRequest;Ljavax/servlet/http/HttpServletResponse;I)V+709
j  org.mortbay.jetty.webapp.WebAppContext.handle(Ljava/lang/String;Ljavax/servlet/http/HttpServletRequest;Ljavax/servlet/http/HttpServletResponse;I)V+25
j  org.mortbay.jetty.handler.ContextHandlerCollection.handle(Ljava/lang/String;Ljavax/servlet/http/HttpServletRequest;Ljavax/servlet/http/HttpServletResponse;I)V+373
j  org.mortbay.jetty.handler.HandlerCollection.handle(Ljava/lang/String;Ljavax/servlet/http/HttpServletRequest;Ljavax/servlet/http/HttpServletResponse;I)V+42
j  org.mortbay.jetty.handler.HandlerWrapper.handle(Ljava/lang/String;Ljavax/servlet/http/HttpServletRequest;Ljavax/servlet/http/HttpServletResponse;I)V+23
j  org.mortbay.jetty.Server.handle(Lorg/mortbay/jetty/HttpConnection;)V+110
j  org.mortbay.jetty.HttpConnection.handleRequest()V+137
j  org.mortbay.jetty.HttpConnection$RequestHandler.content(Lorg/mortbay/io/Buffer;)V+23
j  org.mortbay.jetty.HttpParser.parseNext()J+3161
j  org.mortbay.jetty.HttpParser.parseAvailable()J+44
j  org.mortbay.jetty.HttpConnection.handle()V+122
j  org.mortbay.io.nio.SelectChannelEndPoint.run()V+4
j  org.mortbay.thread.QueuedThreadPool$PoolThread.run()V+25
v  ~StubRoutines::call_stub

---------------  P R O C E S S  ---------------

Java Threads: ( => current thread )
=>0x00007f79bc022000 JavaThread "1565513457@qtp-1135935001-6" [_thread_in_native, id=7471, stack(0x00007f79d5296000,0x00007f79d5397000)]
  0x00007f79bc00c000 JavaThread "164533916@qtp-1135935001-5" [_thread_blocked, id=7470, stack(0x00007f79d5397000,0x00007f79d5498000)]
  0x00007f79bc020000 JavaThread "356832519@qtp-1135935001-3" [_thread_blocked, id=7468, stack(0x00007f79d5599000,0x00007f79d569a000)]
  0x00007f7a1ce3c000 JavaThread "PoolingDataSourceManager-1710591086" daemon [_thread_blocked, id=7417, stack(0x00007f79d5d9b000,0x00007f79d5e9c000)]
  0x00007f7a1c876800 JavaThread "derby.rawStoreDaemon" daemon [_thread_blocked, id=7416, stack(0x00007f79d609c000,0x00007f79d619d000)]
  0x00007f7a1c855800 JavaThread "Timer-1" daemon [_thread_blocked, id=7415, stack(0x00007f79d65a6000,0x00007f79d66a7000)]
  0x00007f7a1cd42800 JavaThread "cayenne-edt-818785904-4" daemon [_thread_blocked, id=7414, stack(0x00007f79d68a7000,0x00007f79d69a8000)]
  0x00007f7a1cd40800 JavaThread "cayenne-edt-818785904-3" daemon [_thread_blocked, id=7413, stack(0x00007f79d69a8000,0x00007f79d6aa9000)]
  0x00007f7a1cd3f000 JavaThread "cayenne-edt-818785904-2" daemon [_thread_blocked, id=7412, stack(0x00007f79d6aa9000,0x00007f79d6baa000)]
  0x00007f7a1cd3d800 JavaThread "cayenne-edt-818785904-1" daemon [_thread_blocked, id=7411, stack(0x00007f79d6baa000,0x00007f79d6cab000)]
  0x00007f7a1cd3c000 JavaThread "cayenne-edt-818785904-0" daemon [_thread_blocked, id=7410, stack(0x00007f79d6cab000,0x00007f79d6dac000)]
  0x00007f7a1cc76000 JavaThread "Timer-0" daemon [_thread_blocked, id=7409, stack(0x00007f79d6fac000,0x00007f79d70ad000)]
  0x00007f7a1cb2c800 JavaThread "706665172@qtp-1135935001-1 - Acceptor0 SelectChannelConnector@0.0.0.0:8080" [_thread_in_native, id=7408, stack(0x00007f79d70d5000,0x00007f79d71d6000)]
  0x00007f7a1cb39800 JavaThread "1321115948@qtp-1135935001-0" [_thread_blocked, id=7407, stack(0x00007f79d71d6000,0x00007f79d72d7000)]
  0x00007f7a1c102800 JavaThread "Monitor Ctrl-Break" daemon [_thread_in_native, id=7403, stack(0x00007f79d7eff000,0x00007f79d8000000)]
  0x00007f7a1c0c9000 JavaThread "Service Thread" daemon [_thread_blocked, id=7401, stack(0x00007f7a0c1e7000,0x00007f7a0c2e8000)]
  0x00007f7a1c0bc000 JavaThread "C1 CompilerThread2" daemon [_thread_blocked, id=7400, stack(0x00007f7a0c2e8000,0x00007f7a0c3e9000)]
  0x00007f7a1c0ba000 JavaThread "C2 CompilerThread1" daemon [_thread_blocked, id=7399, stack(0x00007f7a0c3e9000,0x00007f7a0c4ea000)]
  0x00007f7a1c0b7000 JavaThread "C2 CompilerThread0" daemon [_thread_in_native, id=7398, stack(0x00007f7a0c4ea000,0x00007f7a0c5eb000)]
  0x00007f7a1c0b6000 JavaThread "Signal Dispatcher" daemon [_thread_blocked, id=7397, stack(0x00007f7a0c5eb000,0x00007f7a0c6ec000)]
  0x00007f7a1c07f000 JavaThread "Finalizer" daemon [_thread_blocked, id=7396, stack(0x00007f7a0ceff000,0x00007f7a0d000000)]
  0x00007f7a1c07d000 JavaThread "Reference Handler" daemon [_thread_blocked, id=7395, stack(0x00007f7a200f9000,0x00007f7a201fa000)]
  0x00007f7a1c00a000 JavaThread "main" [_thread_blocked, id=7389, stack(0x00007f7a25da0000,0x00007f7a25ea1000)]

Other Threads:
  0x00007f7a1c078000 VMThread [stack: 0x00007f7a201fa000,0x00007f7a202fb000] [id=7394]
  0x00007f7a1c0cb800 WatcherThread [stack: 0x00007f7a0c0e6000,0x00007f7a0c1e7000] [id=7402]

VM state:not at safepoint (normal execution)

VM Mutex/Monitor currently owned by a thread: None

Heap:
 PSYoungGen      total 68608K, used 63398K [0x00000000d6e00000, 0x00000000e0200000, 0x0000000100000000)
  eden space 63488K, 99% used [0x00000000d6e00000,0x00000000dabe9ab0,0x00000000dac00000)
  from space 5120K, 0% used [0x00000000dac00000,0x00000000dac00000,0x00000000db100000)
  to   space 12288K, 0% used [0x00000000df600000,0x00000000df600000,0x00000000e0200000)
 ParOldGen       total 67072K, used 13759K [0x0000000084a00000, 0x0000000088b80000, 0x00000000d6e00000)
  object space 67072K, 20% used [0x0000000084a00000,0x000000008576ff48,0x0000000088b80000)
 Metaspace       used 32935K, capacity 34128K, committed 34176K, reserved 1079296K
  class space    used 4016K, capacity 4696K, committed 4736K, reserved 1048576K

Card table byte_map: [0x00007f7a2279c000,0x00007f7a22b78000] byte_map_base: 0x00007f7a22377000

Marking Bits: (ParMarkBitMap*) 0x00007f7a25276660
 Begin Bits: [0x00007f79fc250000, 0x00007f79fe128000)
 End Bits:   [0x00007f79fe128000, 0x00007f7a00000000)

Polling page: 0x00007f7a25ebd000

CodeCache: size=245760Kb used=11162Kb max_used=11246Kb free=234597Kb
 bounds [0x00007f7a0d000000, 0x00007f7a0db80000, 0x00007f7a1c000000]
 total_blobs=4297 nmethods=3695 adapters=514
 compilation: enabled

Compilation events (10 events):
Event: 91,264 Thread 0x00007f7a1c0bc000 nmethod 4331 0x00007f7a0d180950 code [0x00007f7a0d180b60, 0x00007f7a0d1816f8]
Event: 91,265 Thread 0x00007f7a1c0bc000 4332       3       org.apache.derby.impl.jdbc.EmbedConnection::getTR (8 bytes)
Event: 91,265 Thread 0x00007f7a1c0bc000 nmethod 4332 0x00007f7a0d184d90 code [0x00007f7a0d184f00, 0x00007f7a0d185050]
Event: 91,265 Thread 0x00007f7a1c0bc000 4328       3       java.util.Calendar::setLenient (6 bytes)
Event: 91,265 Thread 0x00007f7a1c0bc000 nmethod 4328 0x00007f7a0d182150 code [0x00007f7a0d1822a0, 0x00007f7a0d1823f0]
Event: 91,266 Thread 0x00007f7a1c0b7000 nmethod 4318 0x00007f7a0d473a50 code [0x00007f7a0d473ca0, 0x00007f7a0d4743a0]
Event: 91,267 Thread 0x00007f7a1c0ba000 nmethod 4319 0x00007f7a0d813990 code [0x00007f7a0d813bc0, 0x00007f7a0d814240]
Event: 91,267 Thread 0x00007f7a1c0bc000 4327       3       java.util.Formatter$FormatSpecifier::print (1536 bytes)
Event: 91,305 Thread 0x00007f7a1c0bc000 nmethod 4327 0x00007f7a0d7d6f10 code [0x00007f7a0d7d7dc0, 0x00007f7a0d7e25f8]
Event: 91,305 Thread 0x00007f7a1c0bc000 4329       3       java.util.Formatter$FormatSpecifier::print (66 bytes)

GC Heap History (10 events):
Event: 1,475 GC heap before
{Heap before GC invocations=2 (full 0):
 PSYoungGen      total 36864K, used 35862K [0x00000000d6e00000, 0x00000000d9700000, 0x0000000100000000)
  eden space 31744K, 100% used [0x00000000d6e00000,0x00000000d8d00000,0x00000000d8d00000)
  from space 5120K, 80% used [0x00000000d8d00000,0x00000000d9105b10,0x00000000d9200000)
  to   space 5120K, 0% used [0x00000000d9200000,0x00000000d9200000,0x00000000d9700000)
 ParOldGen       total 84992K, used 8K [0x0000000084a00000, 0x0000000089d00000, 0x00000000d6e00000)
  object space 84992K, 0% used [0x0000000084a00000,0x0000000084a02000,0x0000000089d00000)
 Metaspace       used 12762K, capacity 13002K, committed 13184K, reserved 1060864K
  class space    used 1569K, capacity 1646K, committed 1664K, reserved 1048576K
Event: 1,488 GC heap after
Heap after GC invocations=2 (full 0):
 PSYoungGen      total 36864K, used 5118K [0x00000000d6e00000, 0x00000000db600000, 0x0000000100000000)
  eden space 31744K, 0% used [0x00000000d6e00000,0x00000000d6e00000,0x00000000d8d00000)
  from space 5120K, 99% used [0x00000000d9200000,0x00000000d96ffa08,0x00000000d9700000)
  to   space 5120K, 0% used [0x00000000d8d00000,0x00000000d8d00000,0x00000000d9200000)
 ParOldGen       total 84992K, used 1951K [0x0000000084a00000, 0x0000000089d00000, 0x00000000d6e00000)
  object space 84992K, 2% used [0x0000000084a00000,0x0000000084be7c80,0x0000000089d00000)
 Metaspace       used 12762K, capacity 13002K, committed 13184K, reserved 1060864K
  class space    used 1569K, capacity 1646K, committed 1664K, reserved 1048576K
}
Event: 2,188 GC heap before
{Heap before GC invocations=3 (full 0):
 PSYoungGen      total 36864K, used 36862K [0x00000000d6e00000, 0x00000000db600000, 0x0000000100000000)
  eden space 31744K, 100% used [0x00000000d6e00000,0x00000000d8d00000,0x00000000d8d00000)
  from space 5120K, 99% used [0x00000000d9200000,0x00000000d96ffa08,0x00000000d9700000)
  to   space 5120K, 0% used [0x00000000d8d00000,0x00000000d8d00000,0x00000000d9200000)
 ParOldGen       total 84992K, used 1951K [0x0000000084a00000, 0x0000000089d00000, 0x00000000d6e00000)
  object space 84992K, 2% used [0x0000000084a00000,0x0000000084be7c80,0x0000000089d00000)
 Metaspace       used 13862K, capacity 14098K, committed 14336K, reserved 1062912K
  class space    used 1674K, capacity 1754K, committed 1792K, reserved 1048576K
Event: 2,201 GC heap after
Heap after GC invocations=3 (full 0):
 PSYoungGen      total 36864K, used 5104K [0x00000000d6e00000, 0x00000000db600000, 0x0000000100000000)
  eden space 31744K, 0% used [0x00000000d6e00000,0x00000000d6e00000,0x00000000d8d00000)
  from space 5120K, 99% used [0x00000000d8d00000,0x00000000d91fc030,0x00000000d9200000)
  to   space 5120K, 0% used [0x00000000db100000,0x00000000db100000,0x00000000db600000)
 ParOldGen       total 84992K, used 2967K [0x0000000084a00000, 0x0000000089d00000, 0x00000000d6e00000)
  object space 84992K, 3% used [0x0000000084a00000,0x0000000084ce5e18,0x0000000089d00000)
 Metaspace       used 13862K, capacity 14098K, committed 14336K, reserved 1062912K
  class space    used 1674K, capacity 1754K, committed 1792K, reserved 1048576K
}
Event: 2,705 GC heap before
{Heap before GC invocations=4 (full 0):
 PSYoungGen      total 36864K, used 36848K [0x00000000d6e00000, 0x00000000db600000, 0x0000000100000000)
  eden space 31744K, 100% used [0x00000000d6e00000,0x00000000d8d00000,0x00000000d8d00000)
  from space 5120K, 99% used [0x00000000d8d00000,0x00000000d91fc030,0x00000000d9200000)
  to   space 5120K, 0% used [0x00000000db100000,0x00000000db100000,0x00000000db600000)
 ParOldGen       total 84992K, used 2967K [0x0000000084a00000, 0x0000000089d00000, 0x00000000d6e00000)
  object space 84992K, 3% used [0x0000000084a00000,0x0000000084ce5e18,0x0000000089d00000)
 Metaspace       used 14696K, capacity 15074K, committed 15232K, reserved 1062912K
  class space    used 1757K, capacity 1866K, committed 1920K, reserved 1048576K
Event: 2,718 GC heap after
Heap after GC invocations=4 (full 0):
 PSYoungGen      total 68608K, used 5104K [0x00000000d6e00000, 0x00000000db600000, 0x0000000100000000)
  eden space 63488K, 0% used [0x00000000d6e00000,0x00000000d6e00000,0x00000000dac00000)
  from space 5120K, 99% used [0x00000000db100000,0x00000000db5fc010,0x00000000db600000)
  to   space 5120K, 0% used [0x00000000dac00000,0x00000000dac00000,0x00000000db100000)
 ParOldGen       total 84992K, used 4734K [0x0000000084a00000, 0x0000000089d00000, 0x00000000d6e00000)
  object space 84992K, 5% used [0x0000000084a00000,0x0000000084e9fac0,0x0000000089d00000)
 Metaspace       used 14696K, capacity 15074K, committed 15232K, reserved 1062912K
  class space    used 1757K, capacity 1866K, committed 1920K, reserved 1048576K
}
Event: 3,657 GC heap before
{Heap before GC invocations=5 (full 0):
 PSYoungGen      total 68608K, used 51412K [0x00000000d6e00000, 0x00000000db600000, 0x0000000100000000)
  eden space 63488K, 72% used [0x00000000d6e00000,0x00000000d9b39220,0x00000000dac00000)
  from space 5120K, 99% used [0x00000000db100000,0x00000000db5fc010,0x00000000db600000)
  to   space 5120K, 0% used [0x00000000dac00000,0x00000000dac00000,0x00000000db100000)
 ParOldGen       total 84992K, used 4734K [0x0000000084a00000, 0x0000000089d00000, 0x00000000d6e00000)
  object space 84992K, 5% used [0x0000000084a00000,0x0000000084e9fac0,0x0000000089d00000)
 Metaspace       used 20700K, capacity 21168K, committed 21296K, reserved 1069056K
  class space    used 2487K, capacity 2683K, committed 2688K, reserved 1048576K
Event: 3,670 GC heap after
Heap after GC invocations=5 (full 0):
 PSYoungGen      total 68608K, used 5102K [0x00000000d6e00000, 0x00000000e0200000, 0x0000000100000000)
  eden space 63488K, 0% used [0x00000000d6e00000,0x00000000d6e00000,0x00000000dac00000)
  from space 5120K, 99% used [0x00000000dac00000,0x00000000db0fb9e8,0x00000000db100000)
  to   space 12288K, 0% used [0x00000000df600000,0x00000000df600000,0x00000000e0200000)
 ParOldGen       total 84992K, used 12384K [0x0000000084a00000, 0x0000000089d00000, 0x00000000d6e00000)
  object space 84992K, 14% used [0x0000000084a00000,0x0000000085618008,0x0000000089d00000)
 Metaspace       used 20700K, capacity 21168K, committed 21296K, reserved 1069056K
  class space    used 2487K, capacity 2683K, committed 2688K, reserved 1048576K
}
Event: 3,670 GC heap before
{Heap before GC invocations=6 (full 1):
 PSYoungGen      total 68608K, used 5102K [0x00000000d6e00000, 0x00000000e0200000, 0x0000000100000000)
  eden space 63488K, 0% used [0x00000000d6e00000,0x00000000d6e00000,0x00000000dac00000)
  from space 5120K, 99% used [0x00000000dac00000,0x00000000db0fb9e8,0x00000000db100000)
  to   space 12288K, 0% used [0x00000000df600000,0x00000000df600000,0x00000000e0200000)
 ParOldGen       total 84992K, used 12384K [0x0000000084a00000, 0x0000000089d00000, 0x00000000d6e00000)
  object space 84992K, 14% used [0x0000000084a00000,0x0000000085618008,0x0000000089d00000)
 Metaspace       used 20700K, capacity 21168K, committed 21296K, reserved 1069056K
  class space    used 2487K, capacity 2683K, committed 2688K, reserved 1048576K
Event: 3,720 GC heap after
Heap after GC invocations=6 (full 1):
 PSYoungGen      total 68608K, used 0K [0x00000000d6e00000, 0x00000000e0200000, 0x0000000100000000)
  eden space 63488K, 0% used [0x00000000d6e00000,0x00000000d6e00000,0x00000000dac00000)
  from space 5120K, 0% used [0x00000000dac00000,0x00000000dac00000,0x00000000db100000)
  to   space 12288K, 0% used [0x00000000df600000,0x00000000df600000,0x00000000e0200000)
 ParOldGen       total 67072K, used 13759K [0x0000000084a00000, 0x0000000088b80000, 0x00000000d6e00000)
  object space 67072K, 20% used [0x0000000084a00000,0x000000008576ff48,0x0000000088b80000)
 Metaspace       used 20700K, capacity 21168K, committed 21296K, reserved 1069056K
  class space    used 2487K, capacity 2683K, committed 2688K, reserved 1048576K
}

Deoptimization events (10 events):
Event: 8,826 Thread 0x00007f7a1cb39800 Uncommon trap: reason=unstable_if action=reinterpret pc=0x00007f7a0d189810 method=org.apache.derby.iapi.store.raw.ContainerKey.equals(Ljava/lang/Object;)Z @ 28
Event: 8,860 Thread 0x00007f7a1cb39800 Uncommon trap: reason=unstable_if action=reinterpret pc=0x00007f7a0d45df74 method=java.util.concurrent.ConcurrentHashMap.get(Ljava/lang/Object;)Ljava/lang/Object; @ 86
Event: 8,861 Thread 0x00007f7a1cb39800 Uncommon trap: reason=unstable_if action=reinterpret pc=0x00007f7a0d31f7c4 method=java.util.concurrent.ConcurrentHashMap.get(Ljava/lang/Object;)Ljava/lang/Object; @ 86
Event: 8,861 Thread 0x00007f7a1cb39800 Uncommon trap: reason=unstable_if action=reinterpret pc=0x00007f7a0d575544 method=java.util.concurrent.ConcurrentHashMap.get(Ljava/lang/Object;)Ljava/lang/Object; @ 86
Event: 9,106 Thread 0x00007f7a1cb39800 Uncommon trap: reason=unstable_if action=reinterpret pc=0x00007f7a0d1cccc4 method=org.apache.derby.impl.store.raw.data.StoredFieldHeader.readTotalFieldLength([BI)I @ 20
Event: 9,143 Thread 0x00007f7a1cb39800 Uncommon trap: reason=unstable_if action=reinterpret pc=0x00007f7a0d6e99c8 method=java.lang.StringBuffer.toString()Ljava/lang/String; @ 4
Event: 9,328 Thread 0x00007f7a1cb39800 Uncommon trap: reason=unstable_if action=reinterpret pc=0x00007f7a0dae1c30 method=org.mortbay.jetty.AbstractGenerator.isBufferFull()Z @ 4
Event: 9,328 Thread 0x00007f7a1cb39800 Uncommon trap: reason=unstable_if action=reinterpret pc=0x00007f7a0dae050c method=org.mortbay.jetty.HttpGenerator.addContent(B)Z @ 137
Event: 9,484 Thread 0x00007f7a1cb39800 Uncommon trap: reason=unstable_if action=reinterpret pc=0x00007f7a0d529140 method=org.mortbay.jetty.AbstractGenerator.isBufferFull()Z @ 4
Event: 9,566 Thread 0x00007f7a1cb39800 Uncommon trap: reason=unstable_if action=reinterpret pc=0x00007f7a0d147f6c method=org.mortbay.jetty.AbstractGenerator.isBufferFull()Z @ 4

Internal exceptions (10 events):
Event: 9,332 Thread 0x00007f7a1cb39800 Exception <a 'java/lang/ClassNotFoundException': java/util/HashMapHessianSerializer> (0x00000000da663a30) thrown at [/HUDSON/workspace/8-2-build-linux-amd64/jdk8u51/3951/hotspot/src/share/vm/classfile/systemDictionary.cpp, line 210]
Event: 9,418 Thread 0x00007f7a1cb39800 Exception <a 'java/lang/ClassNotFoundException': java/lang/ClassHessianDeserializer> (0x00000000da6c9408) thrown at [/HUDSON/workspace/8-2-build-linux-amd64/jdk8u51/3951/hotspot/src/share/vm/classfile/systemDictionary.cpp, line 210]
Event: 9,484 Thread 0x00007f7a1cb39800 Implicit null exception at 0x00007f7a0d529030 to 0x00007f7a0d52912d
Event: 9,532 Thread 0x00007f7a1cb39800 Exception <a 'java/lang/ClassNotFoundException': [Lorg/apache/cayenne/exp/parser/Node;HessianDeserializer> (0x00000000da881160) thrown at [/HUDSON/workspace/8-2-build-linux-amd64/jdk8u51/3951/hotspot/src/share/vm/prims/jni.cpp, line 735]
Event: 9,566 Thread 0x00007f7a1cb39800 Implicit null exception at 0x00007f7a0d147ed0 to 0x00007f7a0d147f59
Event: 10,013 Thread 0x00007f7a1cb39800 Exception <a 'java/io/IOException'> (0x00000000da9bb438) thrown at [/HUDSON/workspace/8-2-build-linux-amd64/jdk8u51/3951/hotspot/src/share/vm/prims/jni.cpp, line 709]
Event: 10,055 Thread 0x00007f79bc020000 Exception <a 'java/io/IOException'> (0x00000000daa448d0) thrown at [/HUDSON/workspace/8-2-build-linux-amd64/jdk8u51/3951/hotspot/src/share/vm/prims/jni.cpp, line 709]
Event: 10,055 Thread 0x00007f79bc00f000 Exception <a 'java/io/IOException'> (0x00000000daaae620) thrown at [/HUDSON/workspace/8-2-build-linux-amd64/jdk8u51/3951/hotspot/src/share/vm/prims/jni.cpp, line 709]
Event: 10,055 Thread 0x00007f79bc00c000 Exception <a 'java/io/IOException'> (0x00000000dab18388) thrown at [/HUDSON/workspace/8-2-build-linux-amd64/jdk8u51/3951/hotspot/src/share/vm/prims/jni.cpp, line 709]
Event: 10,056 Thread 0x00007f79bc022000 Exception <a 'java/io/IOException'> (0x00000000dab820f0) thrown at [/HUDSON/workspace/8-2-build-linux-amd64/jdk8u51/3951/hotspot/src/share/vm/prims/jni.cpp, line 709]

Events (10 events):
Event: 91,263 Thread 0x00007f7a1c0bc000 flushing nmethod 0x00007f7a0d17dc50
Event: 91,263 Thread 0x00007f7a1c0bc000 flushing nmethod 0x00007f7a0d17e690
Event: 91,263 Thread 0x00007f7a1c0bc000 flushing nmethod 0x00007f7a0d182150
Event: 91,264 Thread 0x00007f7a1c0bc000 flushing nmethod 0x00007f7a0d184d90
Event: 91,264 Thread 0x00007f7a1c0bc000 flushing nmethod 0x00007f7a0d19fc90
Event: 91,264 Thread 0x00007f7a1c0bc000 flushing nmethod 0x00007f7a0d1f3150
Event: 91,267 Executing VM operation: RevokeBias
Event: 91,267 Executing VM operation: RevokeBias done
Event: 91,314 Executing VM operation: RevokeBias
Event: 91,314 Executing VM operation: RevokeBias done


Dynamic libraries:
00400000-00401000 r-xp 00000000 08:02 16261559                           /usr/lib/jvm/java-8-oracle/bin/java
00600000-00601000 rw-p 00000000 08:02 16261559                           /usr/lib/jvm/java-8-oracle/bin/java
00e2b000-00e8f000 rw-p 00000000 00:00 0                                  [heap]
84a00000-88b80000 rw-p 00000000 00:00 0 
88b80000-d6e00000 ---p 00000000 00:00 0 
d6e00000-e0200000 rw-p 00000000 00:00 0 
e0200000-100000000 ---p 00000000 00:00 0 
100000000-1004a0000 rw-p 00000000 00:00 0 
1004a0000-140000000 ---p 00000000 00:00 0 
7f798c000000-7f798c021000 rw-p 00000000 00:00 0 
7f798c021000-7f7990000000 ---p 00000000 00:00 0 
7f7990000000-7f7990021000 rw-p 00000000 00:00 0 
7f7990021000-7f7994000000 ---p 00000000 00:00 0 
7f7994000000-7f7994021000 rw-p 00000000 00:00 0 
7f7994021000-7f7998000000 ---p 00000000 00:00 0 
7f7998000000-7f7998021000 rw-p 00000000 00:00 0 
7f7998021000-7f799c000000 ---p 00000000 00:00 0 
7f799c000000-7f799c021000 rw-p 00000000 00:00 0 
7f799c021000-7f79a0000000 ---p 00000000 00:00 0 
7f79a0000000-7f79a0021000 rw-p 00000000 00:00 0 
7f79a0021000-7f79a4000000 ---p 00000000 00:00 0 
7f79a4000000-7f79a4021000 rw-p 00000000 00:00 0 
7f79a4021000-7f79a8000000 ---p 00000000 00:00 0 
7f79a8000000-7f79a8021000 rw-p 00000000 00:00 0 
7f79a8021000-7f79ac000000 ---p 00000000 00:00 0 
7f79ac000000-7f79ac021000 rw-p 00000000 00:00 0 
7f79ac021000-7f79b0000000 ---p 00000000 00:00 0 
7f79b0000000-7f79b0021000 rw-p 00000000 00:00 0 
7f79b0021000-7f79b4000000 ---p 00000000 00:00 0 
7f79b4000000-7f79b4021000 rw-p 00000000 00:00 0 
7f79b4021000-7f79b8000000 ---p 00000000 00:00 0 
7f79b8000000-7f79b8021000 rw-p 00000000 00:00 0 
7f79b8021000-7f79bc000000 ---p 00000000 00:00 0 
7f79bc000000-7f79bc046000 rw-p 00000000 00:00 0 
7f79bc046000-7f79c0000000 ---p 00000000 00:00 0 
7f79c0000000-7f79c0021000 rw-p 00000000 00:00 0 
7f79c0021000-7f79c4000000 ---p 00000000 00:00 0 
7f79c4000000-7f79c4021000 rw-p 00000000 00:00 0 
7f79c4021000-7f79c8000000 ---p 00000000 00:00 0 
7f79c8000000-7f79c8704000 rw-p 00000000 00:00 0 
7f79c8704000-7f79cc000000 ---p 00000000 00:00 0 
7f79cc000000-7f79cc021000 rw-p 00000000 00:00 0 
7f79cc021000-7f79d0000000 ---p 00000000 00:00 0 
7f79d0000000-7f79d0021000 rw-p 00000000 00:00 0 
7f79d0021000-7f79d4000000 ---p 00000000 00:00 0 
7f79d5296000-7f79d5299000 ---p 00000000 00:00 0 
7f79d5299000-7f79d5397000 rw-p 00000000 00:00 0                          [stack:7471]
7f79d5397000-7f79d539a000 ---p 00000000 00:00 0 
7f79d539a000-7f79d5498000 rw-p 00000000 00:00 0                          [stack:7470]
7f79d5498000-7f79d549b000 ---p 00000000 00:00 0 
7f79d549b000-7f79d5599000 rw-p 00000000 00:00 0 
7f79d5599000-7f79d559c000 ---p 00000000 00:00 0 
7f79d559c000-7f79d569a000 rw-p 00000000 00:00 0                          [stack:7468]
7f79d569a000-7f79d569d000 ---p 00000000 00:00 0 
7f79d569d000-7f79d585b000 rw-p 00000000 00:00 0 
7f79d585b000-7f79d599b000 ---p 00000000 00:00 0 
7f79d599b000-7f79d5b9b000 rw-p 00000000 00:00 0 
7f79d5b9b000-7f79d5d9b000 rw-p 00000000 00:00 0 
7f79d5d9b000-7f79d5d9e000 ---p 00000000 00:00 0 
7f79d5d9e000-7f79d609c000 rw-p 00000000 00:00 0                          [stack:7417]
7f79d609c000-7f79d609f000 ---p 00000000 00:00 0 
7f79d609f000-7f79d639d000 rw-p 00000000 00:00 0                          [stack:7416]
7f79d639d000-7f79d63a5000 r-xp 00000000 08:02 16261410                   /usr/lib/jvm/java-8-oracle/jre/lib/amd64/libmanagement.so
7f79d63a5000-7f79d65a5000 ---p 00008000 08:02 16261410                   /usr/lib/jvm/java-8-oracle/jre/lib/amd64/libmanagement.so
7f79d65a5000-7f79d65a6000 rw-p 00008000 08:02 16261410                   /usr/lib/jvm/java-8-oracle/jre/lib/amd64/libmanagement.so
7f79d65a6000-7f79d65a9000 ---p 00000000 00:00 0 
7f79d65a9000-7f79d68a7000 rw-p 00000000 00:00 0                          [stack:7415]
7f79d68a7000-7f79d68aa000 ---p 00000000 00:00 0 
7f79d68aa000-7f79d69a8000 rw-p 00000000 00:00 0                          [stack:7414]
7f79d69a8000-7f79d69ab000 ---p 00000000 00:00 0 
7f79d69ab000-7f79d6aa9000 rw-p 00000000 00:00 0                          [stack:7413]
7f79d6aa9000-7f79d6aac000 ---p 00000000 00:00 0 
7f79d6aac000-7f79d6baa000 rw-p 00000000 00:00 0                          [stack:7412]
7f79d6baa000-7f79d6bad000 ---p 00000000 00:00 0 
7f79d6bad000-7f79d6cab000 rw-p 00000000 00:00 0                          [stack:7411]
7f79d6cab000-7f79d6cae000 ---p 00000000 00:00 0 
7f79d6cae000-7f79d6fac000 rw-p 00000000 00:00 0                          [stack:7410]
7f79d6fac000-7f79d6faf000 ---p 00000000 00:00 0 
7f79d6faf000-7f79d70ad000 rw-p 00000000 00:00 0                          [stack:7409]
7f79d70ad000-7f79d70d5000 r--s 0025c000 08:02 6948860                    /home/olga/.m2/repository/org/apache/derby/derby/10.7.1.1/derby-10.7.1.1.jar
7f79d70d5000-7f79d70d8000 ---p 00000000 00:00 0 
7f79d70d8000-7f79d71d6000 rw-p 00000000 00:00 0                          [stack:7408]
7f79d71d6000-7f79d71d9000 ---p 00000000 00:00 0 
7f79d71d9000-7f79d74d7000 rw-p 00000000 00:00 0                          [stack:7407]
7f79d74d7000-7f79d76d7000 rw-p 00000000 00:00 0 
7f79d76d7000-7f79d76e8000 r-xp 00000000 08:02 16261433                   /usr/lib/jvm/java-8-oracle/jre/lib/amd64/libnio.so
7f79d76e8000-7f79d78e7000 ---p 00011000 08:02 16261433                   /usr/lib/jvm/java-8-oracle/jre/lib/amd64/libnio.so
7f79d78e7000-7f79d78e8000 rw-p 00010000 08:02 16261433                   /usr/lib/jvm/java-8-oracle/jre/lib/amd64/libnio.so
7f79d78e8000-7f79d7ae8000 rw-p 00000000 00:00 0 
7f79d7ae8000-7f79d7ce8000 rw-p 00000000 00:00 0 
7f79d7ce8000-7f79d7cfe000 r-xp 00000000 08:02 16261422                   /usr/lib/jvm/java-8-oracle/jre/lib/amd64/libnet.so
7f79d7cfe000-7f79d7efe000 ---p 00016000 08:02 16261422                   /usr/lib/jvm/java-8-oracle/jre/lib/amd64/libnet.so
7f79d7efe000-7f79d7eff000 rw-p 00016000 08:02 16261422                   /usr/lib/jvm/java-8-oracle/jre/lib/amd64/libnet.so
7f79d7eff000-7f79d7f02000 ---p 00000000 00:00 0 
7f79d7f02000-7f79d8000000 rw-p 00000000 00:00 0                          [stack:7403]
7f79d8000000-7f79d8975000 rw-p 00000000 00:00 0 
7f79d8975000-7f79dc000000 ---p 00000000 00:00 0 
7f79dc000000-7f79dc021000 rw-p 00000000 00:00 0 
7f79dc021000-7f79e0000000 ---p 00000000 00:00 0 
7f79e0000000-7f79e0f84000 rw-p 00000000 00:00 0 
7f79e0f84000-7f79e4000000 ---p 00000000 00:00 0 
7f79e4000000-7f79e4c9b000 rw-p 00000000 00:00 0 
7f79e4c9b000-7f79e8000000 ---p 00000000 00:00 0 
7f79e8000000-7f79e8021000 rw-p 00000000 00:00 0 
7f79e8021000-7f79ec000000 ---p 00000000 00:00 0 
7f79ec000000-7f79ec021000 rw-p 00000000 00:00 0 
7f79ec021000-7f79f0000000 ---p 00000000 00:00 0 
7f79f0000000-7f79f0021000 rw-p 00000000 00:00 0 
7f79f0021000-7f79f4000000 ---p 00000000 00:00 0 
7f79f4000000-7f79f4021000 rw-p 00000000 00:00 0 
7f79f4021000-7f79f8000000 ---p 00000000 00:00 0 
7f79f8000000-7f79f8021000 rw-p 00000000 00:00 0 
7f79f8021000-7f79fc000000 ---p 00000000 00:00 0 
7f79fc01e000-7f79fc01f000 rw-p 00000000 00:00 0 
7f79fc01f000-7f79fc027000 r--s 00059000 08:02 8788285                    /home/olga/.m2/repository/com/caucho/hessian/4.0.38/hessian-4.0.38.jar
7f79fc027000-7f79fc04e000 r--s 001ef000 08:02 7865489                    /home/olga/.m2/repository/org/apache/cayenne/cayenne-server/4.0.M4-SNAPSHOT/cayenne-server-4.0.M4-SNAPSHOT.jar
7f79fc04e000-7f79fc04f000 r-xp 00000000 08:02 6423473                    /home/olga/Downloads/idea-IU-143.381.42/bin/libbreakgen64.so
7f79fc04f000-7f79fc24e000 ---p 00001000 08:02 6423473                    /home/olga/Downloads/idea-IU-143.381.42/bin/libbreakgen64.so
7f79fc24e000-7f79fc24f000 r--p 00000000 08:02 6423473                    /home/olga/Downloads/idea-IU-143.381.42/bin/libbreakgen64.so
7f79fc24f000-7f79fc250000 rw-p 00001000 08:02 6423473                    /home/olga/Downloads/idea-IU-143.381.42/bin/libbreakgen64.so
7f79fc250000-7f7a00000000 rw-p 00000000 00:00 0 
7f7a00000000-7f7a00021000 rw-p 00000000 00:00 0 
7f7a00021000-7f7a04000000 ---p 00000000 00:00 0 
7f7a04000000-7f7a04021000 rw-p 00000000 00:00 0 
7f7a04021000-7f7a08000000 ---p 00000000 00:00 0 
7f7a08000000-7f7a08021000 rw-p 00000000 00:00 0 
7f7a08021000-7f7a0c000000 ---p 00000000 00:00 0 
7f7a0c000000-7f7a0c001000 rw-p 00000000 00:00 0 
7f7a0c001000-7f7a0c003000 r--s 0001a000 08:02 16261495                   /usr/lib/jvm/java-8-oracle/jre/lib/jce.jar
7f7a0c003000-7f7a0c005000 r--s 0000e000 08:02 6947060                    /home/olga/.m2/repository/oro/oro/2.0.8/oro-2.0.8.jar
7f7a0c005000-7f7a0c009000 r--s 0003c000 08:02 6947058                    /home/olga/.m2/repository/commons-lang/commons-lang/2.4/commons-lang-2.4.jar
7f7a0c009000-7f7a0c011000 r--s 0005f000 08:02 6947059                    /home/olga/.m2/repository/org/apache/velocity/velocity/1.6.3/velocity-1.6.3.jar
7f7a0c011000-7f7a0c012000 r--s 0000c000 08:02 6947061                    /home/olga/.m2/repository/commons-logging/commons-logging/1.1/commons-logging-1.1.jar
7f7a0c012000-7f7a0c020000 r--s 0007f000 08:02 6947057                    /home/olga/.m2/repository/commons-collections/commons-collections/3.2.1/commons-collections-3.2.1.jar
7f7a0c020000-7f7a0c023000 r--s 0000e000 08:02 7865483                    /home/olga/.m2/repository/org/apache/cayenne/cayenne-di/4.0.M4-SNAPSHOT/cayenne-di-4.0.M4-SNAPSHOT.jar
7f7a0c023000-7f7a0c025000 r--s 00003000 08:02 7209001                    /home/olga/.m2/repository/org/mortbay/jetty/start/6.1.22/start-6.1.22.jar
7f7a0c025000-7f7a0c026000 r--s 00002000 08:02 7209000                    /home/olga/.m2/repository/org/apache/geronimo/specs/geronimo-annotation_1.0_spec/1.0/geronimo-annotation_1.0_spec-1.0.jar
7f7a0c026000-7f7a0c028000 r--s 00002000 08:02 7208998                    /home/olga/.m2/repository/org/mortbay/jetty/jetty-annotations/6.1.22/jetty-annotations-6.1.22.jar
7f7a0c028000-7f7a0c037000 r--s 000ee000 08:02 7079387                    /home/olga/.m2/repository/ant/ant/1.6.5/ant-1.6.5.jar
7f7a0c037000-7f7a0c048000 r--s 000ea000 08:02 7208997                    /home/olga/.m2/repository/org/mortbay/jetty/jsp-2.1-glassfish/9.1.1.B60.25.p2/jsp-2.1-glassfish-9.1.1.B60.25.p2.jar
7f7a0c048000-7f7a0c04b000 r--s 0001e000 08:02 7208996                    /home/olga/.m2/repository/org/mortbay/jetty/jsp-api-2.1-glassfish/9.1.1.B60.25.p2/jsp-api-2.1-glassfish-9.1.1.B60.25.p2.jar
7f7a0c04b000-7f7a0c06e000 r--s 00344000 08:02 7208995                    /home/olga/.m2/repository/org/eclipse/jdt/core/3.1.1/core-3.1.1.jar
7f7a0c06e000-7f7a0c070000 r--s 00000000 08:02 7080079                    /home/olga/.m2/repository/org/mortbay/jetty/jsp-2.1-jetty/6.1.22/jsp-2.1-jetty-6.1.22.jar
7f7a0c070000-7f7a0c072000 r--s 00007000 08:02 7080077                    /home/olga/.m2/repository/org/mortbay/jetty/jetty-management/6.1.22/jetty-management-6.1.22.jar
7f7a0c072000-7f7a0c074000 r--s 0000e000 08:02 7080075                    /home/olga/.m2/repository/javax/activation/activation/1.1/activation-1.1.jar
7f7a0c074000-7f7a0c07a000 r--s 00059000 08:02 7080074                    /home/olga/.m2/repository/javax/mail/mail/1.4/mail-1.4.jar
7f7a0c07a000-7f7a0c07b000 r--s 00006000 08:02 7080071                    /home/olga/.m2/repository/org/mortbay/jetty/jetty-naming/6.1.22/jetty-naming-6.1.22.jar
7f7a0c07b000-7f7a0c07d000 r--s 00002000 08:02 7080070                    /home/olga/.m2/repository/geronimo-spec/geronimo-spec-jta/1.0.1B-rc4/geronimo-spec-jta-1.0.1B-rc4.jar
7f7a0c07d000-7f7a0c07f000 r--s 0000d000 08:02 7080066                    /home/olga/.m2/repository/org/mortbay/jetty/jetty-plus/6.1.22/jetty-plus-6.1.22.jar
7f7a0c07f000-7f7a0c081000 r--s 00004000 08:02 7080064                    /home/olga/.m2/repository/org/apache/maven/maven-plugin-tools-api/2.0/maven-plugin-tools-api-2.0.jar
7f7a0c081000-7f7a0c084000 r--s 0001b000 08:02 6948921                    /home/olga/.m2/repository/junit/junit/3.8.2/junit-3.8.2.jar
7f7a0c084000-7f7a0c087000 r--s 00027000 08:02 6948901                    /home/olga/.m2/repository/org/codehaus/plexus/plexus-utils/1.1/plexus-utils-1.1.jar
7f7a0c087000-7f7a0c089000 r--s 0001f000 08:02 7078955                    /home/olga/.m2/repository/org/mortbay/jetty/servlet-api/2.5-20081211/servlet-api-2.5-20081211.jar
7f7a0c089000-7f7a0c08d000 r--s 00028000 08:02 7080067                    /home/olga/.m2/repository/org/mortbay/jetty/jetty-util/6.1.22/jetty-util-6.1.22.jar
7f7a0c08d000-7f7a0c094000 r--s 0007d000 08:02 7080065                    /home/olga/.m2/repository/org/mortbay/jetty/jetty/6.1.22/jetty-6.1.22.jar
7f7a0c094000-7f7a0c096000 r--s 0000a000 08:02 7079968                    /home/olga/.m2/repository/org/mortbay/jetty/maven-jetty-plugin/6.1.22/maven-jetty-plugin-6.1.22.jar
7f7a0c096000-7f7a0c098000 r--s 00002000 08:02 7078680                    /home/olga/.m2/repository/org/codehaus/plexus/plexus-compiler-javac/1.8.1/plexus-compiler-javac-1.8.1.jar
7f7a0c098000-7f7a0c09a000 r--s 00000000 08:02 7078679                    /home/olga/.m2/repository/org/codehaus/plexus/plexus-compiler-manager/1.8.1/plexus-compiler-manager-1.8.1.jar
7f7a0c09a000-7f7a0c09b000 r--s 00004000 08:02 7078681                    /home/olga/.m2/repository/org/codehaus/plexus/plexus-compiler-api/1.8.1/plexus-compiler-api-1.8.1.jar
7f7a0c09b000-7f7a0c09d000 r--s 00006000 08:02 7078644                    /home/olga/.m2/repository/org/apache/maven/plugins/maven-compiler-plugin/2.3.2/maven-compiler-plugin-2.3.2.jar
7f7a0c09d000-7f7a0c09f000 r--s 0000d000 08:02 6947233                    /home/olga/.m2/repository/org/codehaus/plexus/plexus-interpolation/1.13/plexus-interpolation-1.13.jar
7f7a0c09f000-7f7a0c0a0000 r--s 00001000 08:02 6947616                    /home/olga/.m2/repository/org/sonatype/plexus/plexus-build-api/0.0.4/plexus-build-api-0.0.4.jar
7f7a0c0a0000-7f7a0c0a2000 r--s 00007000 08:02 6947617                    /home/olga/.m2/repository/org/apache/maven/shared/maven-filtering/1.0-beta-4/maven-filtering-1.0-beta-4.jar
7f7a0c0a2000-7f7a0c0a6000 r--s 00033000 08:02 6947242                    /home/olga/.m2/repository/org/codehaus/plexus/plexus-utils/2.0.5/plexus-utils-2.0.5.jar
7f7a0c0a6000-7f7a0c0a9000 r--s 0001b000 08:02 6947231                    /home/olga/.m2/repository/junit/junit/3.8.1/junit-3.8.1.jar
7f7a0c0a9000-7f7a0c0ab000 r--s 00002000 08:02 6947368                    /home/olga/.m2/repository/org/codehaus/plexus/plexus-interactivity-api/1.0-alpha-4/plexus-interactivity-api-1.0-alpha-4.jar
7f7a0c0ab000-7f7a0c0ad000 r--s 00006000 08:02 6947367                    /home/olga/.m2/repository/commons-cli/commons-cli/1.0/commons-cli-1.0.jar
7f7a0c0ad000-7f7a0c0b0000 ---p 00000000 00:00 0 
7f7a0c0b0000-7f7a0c0e6000 rw-p 00000000 00:00 0 
7f7a0c0e6000-7f7a0c0e7000 ---p 00000000 00:00 0 
7f7a0c0e7000-7f7a0c1e7000 rw-p 00000000 00:00 0                          [stack:7402]
7f7a0c1e7000-7f7a0c1ea000 ---p 00000000 00:00 0 
7f7a0c1ea000-7f7a0c2e8000 rw-p 00000000 00:00 0                          [stack:7401]
7f7a0c2e8000-7f7a0c2eb000 ---p 00000000 00:00 0 
7f7a0c2eb000-7f7a0c3e9000 rw-p 00000000 00:00 0                          [stack:7400]
7f7a0c3e9000-7f7a0c3ec000 ---p 00000000 00:00 0 
7f7a0c3ec000-7f7a0c4ea000 rw-p 00000000 00:00 0                          [stack:7399]
7f7a0c4ea000-7f7a0c4ed000 ---p 00000000 00:00 0 
7f7a0c4ed000-7f7a0c5eb000 rw-p 00000000 00:00 0                          [stack:7398]
7f7a0c5eb000-7f7a0c5ee000 ---p 00000000 00:00 0 
7f7a0c5ee000-7f7a0c6ec000 rw-p 00000000 00:00 0                          [stack:7397]
7f7a0c6ec000-7f7a0ceff000 r--p 00000000 08:02 15735351                   /usr/lib/locale/locale-archive
7f7a0ceff000-7f7a0cf02000 ---p 00000000 00:00 0 
7f7a0cf02000-7f7a0d000000 rw-p 00000000 00:00 0                          [stack:7396]
7f7a0d000000-7f7a0db80000 rwxp 00000000 00:00 0 
7f7a0db80000-7f7a1c000000 ---p 00000000 00:00 0 
7f7a1c000000-7f7a1cea7000 rw-p 00000000 00:00 0 
7f7a1cea7000-7f7a20000000 ---p 00000000 00:00 0 
7f7a20000000-7f7a20001000 r--s 00001000 08:02 6947614                    /home/olga/.m2/repository/org/apache/maven/doxia/doxia-sink-api/1.0-alpha-7/doxia-sink-api-1.0-alpha-7.jar
7f7a20001000-7f7a20002000 r--s 00002000 08:02 6947615                    /home/olga/.m2/repository/org/apache/maven/reporting/maven-reporting-api/2.0.6/maven-reporting-api-2.0.6.jar
7f7a20002000-7f7a20003000 r--s 00005000 08:02 6947392                    /home/olga/.m2/repository/org/apache/maven/plugins/maven-resources-plugin/2.4.3/maven-resources-plugin-2.4.3.jar
7f7a20003000-7f7a20004000 r--s 00002000 08:02 6946847                    /home/olga/.m2/repository/org/codehaus/plexus/plexus-interactivity-api/1.0-alpha-6/plexus-interactivity-api-1.0-alpha-6.jar
7f7a20004000-7f7a20006000 r--s 00005000 08:02 6946846                    /home/olga/.m2/repository/org/apache/maven/wagon/wagon-ssh-common/1.0-beta-7/wagon-ssh-common-1.0-beta-7.jar
7f7a20006000-7f7a20009000 r--s 0002c000 08:02 6819722                    /home/olga/.m2/repository/org/codehaus/plexus/plexus-utils/1.4.2/plexus-utils-1.4.2.jar
7f7a20009000-7f7a2000c000 r--s 00029000 08:02 6819723                    /home/olga/.m2/repository/com/jcraft/jsch/0.1.38/jsch-0.1.38.jar
7f7a2000c000-7f7a2000d000 r--s 00006000 08:02 6819724                    /home/olga/.m2/repository/org/apache/maven/wagon/wagon-ssh/1.0-beta-7/wagon-ssh-1.0-beta-7.jar
7f7a2000d000-7f7a2000e000 r--p 00000000 00:00 0 
7f7a2000e000-7f7a20012000 r--s 00095000 08:02 16261497                   /usr/lib/jvm/java-8-oracle/jre/lib/jsse.jar
7f7a20012000-7f7a20013000 r--s 00002000 08:02 6554510                    /home/olga/Downloads/idea-IU-143.381.42/plugins/maven/lib/maven3/lib/wagon-file-2.8.jar
7f7a20013000-7f7a20015000 r--s 00000000 08:02 6554502                    /home/olga/Downloads/idea-IU-143.381.42/plugins/maven/lib/maven3/lib/plexus-component-annotations-1.5.5.jar
7f7a20015000-7f7a20017000 r--s 00002000 08:02 6554501                    /home/olga/Downloads/idea-IU-143.381.42/plugins/maven/lib/maven3/lib/plexus-cipher-1.7.jar
7f7a20017000-7f7a2001e000 r--s 00040000 08:02 6554508                    /home/olga/Downloads/idea-IU-143.381.42/plugins/maven/lib/maven3/lib/sisu-inject-bean-2.3.0.jar
7f7a2001e000-7f7a20022000 r--s 00021000 08:02 6554496                    /home/olga/Downloads/idea-IU-143.381.42/plugins/maven/lib/maven3/lib/maven-model-builder-3.0.5.jar
7f7a20022000-7f7a2002c000 r--s 00116000 08:02 16261508                   /usr/lib/jvm/java-8-oracle/jre/lib/ext/localedata.jar
7f7a2002c000-7f7a20048000 r--s 00393000 08:02 16261500                   /usr/lib/jvm/java-8-oracle/jre/lib/ext/cldrdata.jar
7f7a20048000-7f7a20049000 r--s 0000a000 08:02 6554494                    /home/olga/Downloads/idea-IU-143.381.42/plugins/maven/lib/maven3/lib/maven-embedder-3.0.5.jar
7f7a20049000-7f7a20068000 r--s 00152000 08:02 6554506                    /home/olga/Downloads/idea-IU-143.381.42/plugins/maven/lib/maven3/lib/sisu-guava-0.9.9.jar
7f7a20068000-7f7a2006c000 r--s 00033000 08:02 6554505                    /home/olga/Downloads/idea-IU-143.381.42/plugins/maven/lib/maven3/lib/plexus-utils-2.0.6.jar
7f7a2006c000-7f7a2006e000 r--s 0000d000 08:02 6554503                    /home/olga/Downloads/idea-IU-143.381.42/plugins/maven/lib/maven3/lib/plexus-interpolation-1.14.jar
7f7a2006e000-7f7a2007a000 r--s 0007d000 08:02 6554493                    /home/olga/Downloads/idea-IU-143.381.42/plugins/maven/lib/maven3/lib/maven-core-3.0.5.jar
7f7a2007a000-7f7a20080000 r--s 0002c000 08:02 6554509                    /home/olga/Downloads/idea-IU-143.381.42/plugins/maven/lib/maven3/lib/sisu-inject-plexus-2.3.0.jar
7f7a20080000-7f7a20084000 r--s 0001c000 08:02 6554484                    /home/olga/Downloads/idea-IU-143.381.42/plugins/maven/lib/maven3/lib/aether-util-1.13.1.jar
7f7a20084000-7f7a200b2000 r--s 001fa000 08:02 6554511                    /home/olga/Downloads/idea-IU-143.381.42/plugins/maven/lib/maven3/lib/wagon-http-2.8-shaded.jar
7f7a200b2000-7f7a200b3000 r--s 00006000 08:02 6554504                    /home/olga/Downloads/idea-IU-143.381.42/plugins/maven/lib/maven3/lib/plexus-sec-dispatcher-1.3.jar
7f7a200b3000-7f7a200b5000 r--s 0000b000 08:02 6554491                    /home/olga/Downloads/idea-IU-143.381.42/plugins/maven/lib/maven3/lib/maven-artifact-3.0.5.jar
7f7a200b5000-7f7a200b8000 r--s 0001d000 08:02 6554482                    /home/olga/Downloads/idea-IU-143.381.42/plugins/maven/lib/maven3/lib/aether-impl-1.13.1.jar
7f7a200b8000-7f7a200c0000 r--s 00050000 08:02 6554507                    /home/olga/Downloads/idea-IU-143.381.42/plugins/maven/lib/maven3/lib/sisu-guice-3.1.0-no_aop.jar
7f7a200c0000-7f7a200c4000 r--s 00027000 08:02 6554486                    /home/olga/Downloads/idea-IU-143.381.42/plugins/maven/lib/maven3/lib/commons-io-2.2.jar
7f7a200c4000-7f7a200c6000 r--s 00009000 08:02 6554485                    /home/olga/Downloads/idea-IU-143.381.42/plugins/maven/lib/maven3/lib/commons-cli-1.2.jar
7f7a200c6000-7f7a200c8000 r--s 0000b000 08:02 6554513                    /home/olga/Downloads/idea-IU-143.381.42/plugins/maven/lib/maven3/lib/wagon-provider-api-2.8.jar
7f7a200c8000-7f7a200f9000 rw-p 00000000 00:00 0 
7f7a200f9000-7f7a200fc000 ---p 00000000 00:00 0 
7f7a200fc000-7f7a201fa000 rw-p 00000000 00:00 0                          [stack:7395]
7f7a201fa000-7f7a201fb000 ---p 00000000 00:00 0 
7f7a201fb000-7f7a212dd000 rw-p 00000000 00:00 0                          [stack:7394]
7f7a212dd000-7f7a214b5000 r--s 03d0c000 08:02 16261518                   /usr/lib/jvm/java-8-oracle/jre/lib/rt.jar
7f7a214b5000-7f7a22106000 rw-p 00000000 00:00 0 
7f7a22106000-7f7a22107000 ---p 00000000 00:00 0 
7f7a22107000-7f7a22207000 rw-p 00000000 00:00 0                          [stack:7393]
7f7a22207000-7f7a22208000 ---p 00000000 00:00 0 
7f7a22208000-7f7a22308000 rw-p 00000000 00:00 0                          [stack:7392]
7f7a22308000-7f7a22309000 ---p 00000000 00:00 0 
7f7a22309000-7f7a22409000 rw-p 00000000 00:00 0                          [stack:7391]
7f7a22409000-7f7a2240a000 ---p 00000000 00:00 0 
7f7a2240a000-7f7a2252b000 rw-p 00000000 00:00 0                          [stack:7390]
7f7a2252b000-7f7a2279c000 ---p 00000000 00:00 0 
7f7a2279c000-7f7a227bd000 rw-p 00000000 00:00 0 
7f7a227bd000-7f7a22a2e000 ---p 00000000 00:00 0 
7f7a22a2e000-7f7a22a78000 rw-p 00000000 00:00 0 
7f7a22a78000-7f7a22b77000 ---p 00000000 00:00 0 
7f7a22b77000-7f7a22ba6000 rw-p 00000000 00:00 0 
7f7a22ba6000-7f7a22f38000 ---p 00000000 00:00 0 
7f7a22f38000-7f7a22f52000 r-xp 00000000 08:02 16261434                   /usr/lib/jvm/java-8-oracle/jre/lib/amd64/libzip.so
7f7a22f52000-7f7a23152000 ---p 0001a000 08:02 16261434                   /usr/lib/jvm/java-8-oracle/jre/lib/amd64/libzip.so
7f7a23152000-7f7a23153000 rw-p 0001a000 08:02 16261434                   /usr/lib/jvm/java-8-oracle/jre/lib/amd64/libzip.so
7f7a23153000-7f7a2315e000 r-xp 00000000 08:02 12063700                   /lib/x86_64-linux-gnu/libnss_files-2.19.so
7f7a2315e000-7f7a2335d000 ---p 0000b000 08:02 12063700                   /lib/x86_64-linux-gnu/libnss_files-2.19.so
7f7a2335d000-7f7a2335e000 r--p 0000a000 08:02 12063700                   /lib/x86_64-linux-gnu/libnss_files-2.19.so
7f7a2335e000-7f7a2335f000 rw-p 0000b000 08:02 12063700                   /lib/x86_64-linux-gnu/libnss_files-2.19.so
7f7a2335f000-7f7a2336a000 r-xp 00000000 08:02 12058726                   /lib/x86_64-linux-gnu/libnss_nis-2.19.so
7f7a2336a000-7f7a23569000 ---p 0000b000 08:02 12058726                   /lib/x86_64-linux-gnu/libnss_nis-2.19.so
7f7a23569000-7f7a2356a000 r--p 0000a000 08:02 12058726                   /lib/x86_64-linux-gnu/libnss_nis-2.19.so
7f7a2356a000-7f7a2356b000 rw-p 0000b000 08:02 12058726                   /lib/x86_64-linux-gnu/libnss_nis-2.19.so
7f7a2356b000-7f7a23582000 r-xp 00000000 08:02 12058722                   /lib/x86_64-linux-gnu/libnsl-2.19.so
7f7a23582000-7f7a23781000 ---p 00017000 08:02 12058722                   /lib/x86_64-linux-gnu/libnsl-2.19.so
7f7a23781000-7f7a23782000 r--p 00016000 08:02 12058722                   /lib/x86_64-linux-gnu/libnsl-2.19.so
7f7a23782000-7f7a23783000 rw-p 00017000 08:02 12058722                   /lib/x86_64-linux-gnu/libnsl-2.19.so
7f7a23783000-7f7a23785000 rw-p 00000000 00:00 0 
7f7a23785000-7f7a2378e000 r-xp 00000000 08:02 12058721                   /lib/x86_64-linux-gnu/libnss_compat-2.19.so
7f7a2378e000-7f7a2398d000 ---p 00009000 08:02 12058721                   /lib/x86_64-linux-gnu/libnss_compat-2.19.so
7f7a2398d000-7f7a2398e000 r--p 00008000 08:02 12058721                   /lib/x86_64-linux-gnu/libnss_compat-2.19.so
7f7a2398e000-7f7a2398f000 rw-p 00009000 08:02 12058721                   /lib/x86_64-linux-gnu/libnss_compat-2.19.so
7f7a2398f000-7f7a239b9000 r-xp 00000000 08:02 16261394                   /usr/lib/jvm/java-8-oracle/jre/lib/amd64/libjava.so
7f7a239b9000-7f7a23bb9000 ---p 0002a000 08:02 16261394                   /usr/lib/jvm/java-8-oracle/jre/lib/amd64/libjava.so
7f7a23bb9000-7f7a23bbb000 rw-p 0002a000 08:02 16261394                   /usr/lib/jvm/java-8-oracle/jre/lib/amd64/libjava.so
7f7a23bbb000-7f7a23bc8000 r-xp 00000000 08:02 16261382                   /usr/lib/jvm/java-8-oracle/jre/lib/amd64/libverify.so
7f7a23bc8000-7f7a23dc8000 ---p 0000d000 08:02 16261382                   /usr/lib/jvm/java-8-oracle/jre/lib/amd64/libverify.so
7f7a23dc8000-7f7a23dca000 rw-p 0000d000 08:02 16261382                   /usr/lib/jvm/java-8-oracle/jre/lib/amd64/libverify.so
7f7a23dca000-7f7a23dd1000 r-xp 00000000 08:02 12062778                   /lib/x86_64-linux-gnu/librt-2.19.so
7f7a23dd1000-7f7a23fd0000 ---p 00007000 08:02 12062778                   /lib/x86_64-linux-gnu/librt-2.19.so
7f7a23fd0000-7f7a23fd1000 r--p 00006000 08:02 12062778                   /lib/x86_64-linux-gnu/librt-2.19.so
7f7a23fd1000-7f7a23fd2000 rw-p 00007000 08:02 12062778                   /lib/x86_64-linux-gnu/librt-2.19.so
7f7a23fd2000-7f7a240d7000 r-xp 00000000 08:02 12058716                   /lib/x86_64-linux-gnu/libm-2.19.so
7f7a240d7000-7f7a242d6000 ---p 00105000 08:02 12058716                   /lib/x86_64-linux-gnu/libm-2.19.so
7f7a242d6000-7f7a242d7000 r--p 00104000 08:02 12058716                   /lib/x86_64-linux-gnu/libm-2.19.so
7f7a242d7000-7f7a242d8000 rw-p 00105000 08:02 12058716                   /lib/x86_64-linux-gnu/libm-2.19.so
7f7a242d8000-7f7a24f86000 r-xp 00000000 08:02 16261405                   /usr/lib/jvm/java-8-oracle/jre/lib/amd64/server/libjvm.so
7f7a24f86000-7f7a25186000 ---p 00cae000 08:02 16261405                   /usr/lib/jvm/java-8-oracle/jre/lib/amd64/server/libjvm.so
7f7a25186000-7f7a2525d000 rw-p 00cae000 08:02 16261405                   /usr/lib/jvm/java-8-oracle/jre/lib/amd64/server/libjvm.so
7f7a2525d000-7f7a252a1000 rw-p 00000000 00:00 0 
7f7a252a1000-7f7a2545c000 r-xp 00000000 08:02 12062816                   /lib/x86_64-linux-gnu/libc-2.19.so
7f7a2545c000-7f7a2565b000 ---p 001bb000 08:02 12062816                   /lib/x86_64-linux-gnu/libc-2.19.so
7f7a2565b000-7f7a2565f000 r--p 001ba000 08:02 12062816                   /lib/x86_64-linux-gnu/libc-2.19.so
7f7a2565f000-7f7a25661000 rw-p 001be000 08:02 12062816                   /lib/x86_64-linux-gnu/libc-2.19.so
7f7a25661000-7f7a25666000 rw-p 00000000 00:00 0 
7f7a25666000-7f7a25669000 r-xp 00000000 08:02 12058718                   /lib/x86_64-linux-gnu/libdl-2.19.so
7f7a25669000-7f7a25868000 ---p 00003000 08:02 12058718                   /lib/x86_64-linux-gnu/libdl-2.19.so
7f7a25868000-7f7a25869000 r--p 00002000 08:02 12058718                   /lib/x86_64-linux-gnu/libdl-2.19.so
7f7a25869000-7f7a2586a000 rw-p 00003000 08:02 12058718                   /lib/x86_64-linux-gnu/libdl-2.19.so
7f7a2586a000-7f7a2587f000 r-xp 00000000 08:02 16128342                   /usr/lib/jvm/java-8-oracle/lib/amd64/jli/libjli.so
7f7a2587f000-7f7a25a7f000 ---p 00015000 08:02 16128342                   /usr/lib/jvm/java-8-oracle/lib/amd64/jli/libjli.so
7f7a25a7f000-7f7a25a80000 rw-p 00015000 08:02 16128342                   /usr/lib/jvm/java-8-oracle/lib/amd64/jli/libjli.so
7f7a25a80000-7f7a25a99000 r-xp 00000000 08:02 12058723                   /lib/x86_64-linux-gnu/libpthread-2.19.so
7f7a25a99000-7f7a25c98000 ---p 00019000 08:02 12058723                   /lib/x86_64-linux-gnu/libpthread-2.19.so
7f7a25c98000-7f7a25c99000 r--p 00018000 08:02 12058723                   /lib/x86_64-linux-gnu/libpthread-2.19.so
7f7a25c99000-7f7a25c9a000 rw-p 00019000 08:02 12058723                   /lib/x86_64-linux-gnu/libpthread-2.19.so
7f7a25c9a000-7f7a25c9e000 rw-p 00000000 00:00 0 
7f7a25c9e000-7f7a25cc1000 r-xp 00000000 08:02 12058724                   /lib/x86_64-linux-gnu/ld-2.19.so
7f7a25cc1000-7f7a25cc7000 r--s 0003f000 08:02 6554492                    /home/olga/Downloads/idea-IU-143.381.42/plugins/maven/lib/maven3/lib/maven-compat-3.0.5.jar
7f7a25cc7000-7f7a25cc9000 r--s 00006000 08:02 6554481                    /home/olga/Downloads/idea-IU-143.381.42/plugins/maven/lib/maven3/lib/aether-connector-wagon-1.13.1.jar
7f7a25cc9000-7f7a25ccc000 r--s 00013000 08:02 6554480                    /home/olga/Downloads/idea-IU-143.381.42/plugins/maven/lib/maven3/lib/aether-api-1.13.1.jar
7f7a25ccc000-7f7a25cce000 r--s 0000c000 08:02 6554490                    /home/olga/Downloads/idea-IU-143.381.42/plugins/maven/lib/maven3/lib/maven-aether-provider-3.0.5.jar
7f7a25cce000-7f7a25cd0000 r--s 00006000 08:02 6554498                    /home/olga/Downloads/idea-IU-143.381.42/plugins/maven/lib/maven3/lib/maven-repository-metadata-3.0.5.jar
7f7a25cd0000-7f7a25cd5000 r--s 00041000 08:02 6554487                    /home/olga/Downloads/idea-IU-143.381.42/plugins/maven/lib/maven3/lib/commons-lang-2.6.jar
7f7a25cd5000-7f7a25da0000 rw-p 00000000 00:00 0 
7f7a25da0000-7f7a25da3000 ---p 00000000 00:00 0 
7f7a25da3000-7f7a25ea5000 rw-p 00000000 00:00 0                          [stack:7389]
7f7a25ea5000-7f7a25ea6000 r--s 00002000 08:02 6554512                    /home/olga/Downloads/idea-IU-143.381.42/plugins/maven/lib/maven3/lib/wagon-http-shared-2.8.jar
7f7a25ea6000-7f7a25ea8000 r--s 0000b000 08:02 6554497                    /home/olga/Downloads/idea-IU-143.381.42/plugins/maven/lib/maven3/lib/maven-plugin-api-3.0.5.jar
7f7a25ea8000-7f7a25ea9000 r--s 00003000 08:02 6554483                    /home/olga/Downloads/idea-IU-143.381.42/plugins/maven/lib/maven3/lib/aether-spi-1.13.1.jar
7f7a25ea9000-7f7a25eab000 r--s 0000a000 08:02 6554499                    /home/olga/Downloads/idea-IU-143.381.42/plugins/maven/lib/maven3/lib/maven-settings-3.0.5.jar
7f7a25eab000-7f7a25eae000 r--s 00008000 08:02 6554500                    /home/olga/Downloads/idea-IU-143.381.42/plugins/maven/lib/maven3/lib/maven-settings-builder-3.0.5.jar
7f7a25eae000-7f7a25eb0000 r--s 00026000 08:02 6554495                    /home/olga/Downloads/idea-IU-143.381.42/plugins/maven/lib/maven3/lib/maven-model-3.0.5.jar
7f7a25eb0000-7f7a25eb2000 r--s 0001e000 08:02 6423570                    /home/olga/Downloads/idea-IU-143.381.42/lib/idea_rt.jar
7f7a25eb2000-7f7a25eb4000 r--s 0000a000 08:02 6554476                    /home/olga/Downloads/idea-IU-143.381.42/plugins/maven/lib/maven3/boot/plexus-classworlds-2.4.jar
7f7a25eb4000-7f7a25ebc000 rw-s 00000000 08:02 15597640                   /tmp/hsperfdata_olga/7388
7f7a25ebc000-7f7a25ebd000 rw-p 00000000 00:00 0 
7f7a25ebd000-7f7a25ebe000 r--p 00000000 00:00 0 
7f7a25ebe000-7f7a25ec0000 rw-p 00000000 00:00 0 
7f7a25ec0000-7f7a25ec1000 r--p 00022000 08:02 12058724                   /lib/x86_64-linux-gnu/ld-2.19.so
7f7a25ec1000-7f7a25ec2000 rw-p 00023000 08:02 12058724                   /lib/x86_64-linux-gnu/ld-2.19.so
7f7a25ec2000-7f7a25ec3000 rw-p 00000000 00:00 0 
7ffcc3cbf000-7ffcc3ce0000 rw-p 00000000 00:00 0                          [stack]
7ffcc3d8c000-7ffcc3d8e000 r--p 00000000 00:00 0                          [vvar]
7ffcc3d8e000-7ffcc3d90000 r-xp 00000000 00:00 0                          [vdso]
ffffffffff600000-ffffffffff601000 r-xp 00000000 00:00 0                  [vsyscall]

VM Arguments:
jvm_args: -Dmaven.home=/home/olga/Downloads/idea-IU-143.381.42/plugins/maven/lib/maven3 -Dclassworlds.conf=/home/olga/Downloads/idea-IU-143.381.42/plugins/maven/lib/maven3/bin/m2.conf -Didea.launcher.port=7538 -Didea.launcher.bin.path=/home/olga/Downloads/idea-IU-143.381.42/bin -Dfile.encoding=UTF-8 
java_command: com.intellij.rt.execution.application.AppMain org.codehaus.classworlds.Launcher -Didea.version=15.0 jetty:run
java_class_path (initial): /home/olga/Downloads/idea-IU-143.381.42/plugins/maven/lib/maven3/boot/plexus-classworlds-2.4.jar:/home/olga/Downloads/idea-IU-143.381.42/lib/idea_rt.jar
Launcher Type: SUN_STANDARD

Environment Variables:
PATH=/usr/local/sbin:/usr/local/bin:/usr/sbin:/usr/bin:/sbin:/bin:/usr/games:/usr/local/games
LD_LIBRARY_PATH=/home/olga/Downloads/idea-IU-143.381.42/bin:
SHELL=/bin/bash
DISPLAY=:0

Signal Handlers:
SIGSEGV: [libjvm.so+0xaad540], sa_mask[0]=11111111011111111101111111111110, sa_flags=SA_RESTART|SA_SIGINFO
SIGBUS: [libjvm.so+0xaad540], sa_mask[0]=11111111011111111101111111111110, sa_flags=SA_RESTART|SA_SIGINFO
SIGFPE: [libjvm.so+0x90b6b0], sa_mask[0]=11111111011111111101111111111110, sa_flags=SA_RESTART|SA_SIGINFO
SIGPIPE: [libjvm.so+0x90b6b0], sa_mask[0]=11111111011111111101111111111110, sa_flags=SA_RESTART|SA_SIGINFO
SIGXFSZ: [libjvm.so+0x90b6b0], sa_mask[0]=11111111011111111101111111111110, sa_flags=SA_RESTART|SA_SIGINFO
SIGILL: [libjvm.so+0x90b6b0], sa_mask[0]=11111111011111111101111111111110, sa_flags=SA_RESTART|SA_SIGINFO
SIGUSR1: SIG_DFL, sa_mask[0]=00000000000000000000000000000000, sa_flags=none
SIGUSR2: [libjvm.so+0x90ccf0], sa_mask[0]=00100000000000000000000000000000, sa_flags=SA_RESTART|SA_SIGINFO
SIGHUP: [libjvm.so+0x90e040], sa_mask[0]=11111111011111111101111111111110, sa_flags=SA_RESTART|SA_SIGINFO
SIGINT: [libjvm.so+0x90e040], sa_mask[0]=11111111011111111101111111111110, sa_flags=SA_RESTART|SA_SIGINFO
SIGTERM: [libjvm.so+0x90e040], sa_mask[0]=11111111011111111101111111111110, sa_flags=SA_RESTART|SA_SIGINFO
SIGQUIT: [libjvm.so+0x90e040], sa_mask[0]=11111111011111111101111111111110, sa_flags=SA_RESTART|SA_SIGINFO


---------------  S Y S T E M  ---------------

OS:DISTRIB_ID=Ubuntu
DISTRIB_RELEASE=14.04
DISTRIB_CODENAME=trusty
DISTRIB_DESCRIPTION="Ubuntu 14.04.4 LTS"

uname:Linux 3.19.0-33-generic #38~14.04.1-Ubuntu SMP Fri Nov 6 18:17:28 UTC 2015 x86_64
libc:glibc 2.19 NPTL 2.19 
rlimit: STACK 8192k, CORE 0k, NPROC 31397, NOFILE 4096, AS infinity
load average:4,12 2,11 1,42

/proc/meminfo:
MemTotal:        8084988 kB
MemFree:         2691908 kB
MemAvailable:    4535300 kB
Buffers:          291040 kB
Cached:          2036060 kB
SwapCached:            0 kB
Active:          3848892 kB
Inactive:        1240836 kB
Active(anon):    2763740 kB
Inactive(anon):   414536 kB
Active(file):    1085152 kB
Inactive(file):   826300 kB
Unevictable:           0 kB
Mlocked:               0 kB
SwapTotal:       8296444 kB
SwapFree:        8296444 kB
Dirty:             68848 kB
Writeback:             0 kB
AnonPages:       2762796 kB
Mapped:           453848 kB
Shmem:            415652 kB
Slab:             217912 kB
SReclaimable:     185356 kB
SUnreclaim:        32556 kB
KernelStack:        9264 kB
PageTables:        30776 kB
NFS_Unstable:          0 kB
Bounce:                0 kB
WritebackTmp:          0 kB
CommitLimit:    12338936 kB
Committed_AS:    6532612 kB
VmallocTotal:   34359738367 kB
VmallocUsed:      358420 kB
VmallocChunk:   34359373824 kB
HardwareCorrupted:     0 kB
AnonHugePages:   1050624 kB
CmaTotal:              0 kB
CmaFree:               0 kB
HugePages_Total:       0
HugePages_Free:        0
HugePages_Rsvd:        0
HugePages_Surp:        0
Hugepagesize:       2048 kB
DirectMap4k:       99972 kB
DirectMap2M:     8198144 kB


CPU:total 4 (2 cores per cpu, 2 threads per core) family 6 model 42 stepping 7, cmov, cx8, fxsr, mmx, sse, sse2, sse3, ssse3, sse4.1, sse4.2, popcnt, avx, clmul, ht, tsc, tscinvbit

/proc/cpuinfo:
processor	: 0
vendor_id	: GenuineIntel
cpu family	: 6
model		: 42
model name	: Intel(R) Core(TM) i3-2100 CPU @ 3.10GHz
stepping	: 7
microcode	: 0x14
cpu MHz		: 3099.878
cache size	: 3072 KB
physical id	: 0
siblings	: 4
core id		: 0
cpu cores	: 2
apicid		: 0
initial apicid	: 0
fpu		: yes
fpu_exception	: yes
cpuid level	: 13
wp		: yes
flags		: fpu vme de pse tsc msr pae mce cx8 apic sep mtrr pge mca cmov pat pse36 clflush dts acpi mmx fxsr sse sse2 ss ht tm pbe syscall nx rdtscp lm constant_tsc arch_perfmon pebs bts rep_good nopl xtopology nonstop_tsc aperfmperf eagerfpu pni pclmulqdq dtes64 monitor ds_cpl vmx est tm2 ssse3 cx16 xtpr pdcm pcid sse4_1 sse4_2 popcnt tsc_deadline_timer xsave avx lahf_lm arat epb pln pts dtherm tpr_shadow vnmi flexpriority ept vpid xsaveopt
bugs		:
bogomips	: 6184.43
clflush size	: 64
cache_alignment	: 64
address sizes	: 36 bits physical, 48 bits virtual
power management:

processor	: 1
vendor_id	: GenuineIntel
cpu family	: 6
model		: 42
model name	: Intel(R) Core(TM) i3-2100 CPU @ 3.10GHz
stepping	: 7
microcode	: 0x14
cpu MHz		: 3099.878
cache size	: 3072 KB
physical id	: 0
siblings	: 4
core id		: 1
cpu cores	: 2
apicid		: 2
initial apicid	: 2
fpu		: yes
fpu_exception	: yes
cpuid level	: 13
wp		: yes
flags		: fpu vme de pse tsc msr pae mce cx8 apic sep mtrr pge mca cmov pat pse36 clflush dts acpi mmx fxsr sse sse2 ss ht tm pbe syscall nx rdtscp lm constant_tsc arch_perfmon pebs bts rep_good nopl xtopology nonstop_tsc aperfmperf eagerfpu pni pclmulqdq dtes64 monitor ds_cpl vmx est tm2 ssse3 cx16 xtpr pdcm pcid sse4_1 sse4_2 popcnt tsc_deadline_timer xsave avx lahf_lm arat epb pln pts dtherm tpr_shadow vnmi flexpriority ept vpid xsaveopt
bugs		:
bogomips	: 6184.43
clflush size	: 64
cache_alignment	: 64
address sizes	: 36 bits physical, 48 bits virtual
power management:

processor	: 2
vendor_id	: GenuineIntel
cpu family	: 6
model		: 42
model name	: Intel(R) Core(TM) i3-2100 CPU @ 3.10GHz
stepping	: 7
microcode	: 0x14
cpu MHz		: 3099.878
cache size	: 3072 KB
physical id	: 0
siblings	: 4
core id		: 0
cpu cores	: 2
apicid		: 1
initial apicid	: 1
fpu		: yes
fpu_exception	: yes
cpuid level	: 13
wp		: yes
flags		: fpu vme de pse tsc msr pae mce cx8 apic sep mtrr pge mca cmov pat pse36 clflush dts acpi mmx fxsr sse sse2 ss ht tm pbe syscall nx rdtscp lm constant_tsc arch_perfmon pebs bts rep_good nopl xtopology nonstop_tsc aperfmperf eagerfpu pni pclmulqdq dtes64 monitor ds_cpl vmx est tm2 ssse3 cx16 xtpr pdcm pcid sse4_1 sse4_2 popcnt tsc_deadline_timer xsave avx lahf_lm arat epb pln pts dtherm tpr_shadow vnmi flexpriority ept vpid xsaveopt
bugs		:
bogomips	: 6184.43
clflush size	: 64
cache_alignment	: 64
address sizes	: 36 bits physical, 48 bits virtual
power management:

processor	: 3
vendor_id	: GenuineIntel
cpu family	: 6
model		: 42
model name	: Intel(R) Core(TM) i3-2100 CPU @ 3.10GHz
stepping	: 7
microcode	: 0x14
cpu MHz		: 3099.878
cache size	: 3072 KB
physical id	: 0
siblings	: 4
core id		: 1
cpu cores	: 2
apicid		: 3
initial apicid	: 3
fpu		: yes
fpu_exception	: yes
cpuid level	: 13
wp		: yes
flags		: fpu vme de pse tsc msr pae mce cx8 apic sep mtrr pge mca cmov pat pse36 clflush dts acpi mmx fxsr sse sse2 ss ht tm pbe syscall nx rdtscp lm constant_tsc arch_perfmon pebs bts rep_good nopl xtopology nonstop_tsc aperfmperf eagerfpu pni pclmulqdq dtes64 monitor ds_cpl vmx est tm2 ssse3 cx16 xtpr pdcm pcid sse4_1 sse4_2 popcnt tsc_deadline_timer xsave avx lahf_lm arat epb pln pts dtherm tpr_shadow vnmi flexpriority ept vpid xsaveopt
bugs		:
bogomips	: 6184.43
clflush size	: 64
cache_alignment	: 64
address sizes	: 36 bits physical, 48 bits virtual
power management:



Memory: 4k page, physical 8084988k(2691908k free), swap 8296444k(8296444k free)

vm_info: Java HotSpot(TM) 64-Bit Server VM (25.51-b03) for linux-amd64 JRE (1.8.0_51-b16), built on Jun  8 2015 19:28:07 by "java_re" with gcc 4.3.0 20080428 (Red Hat 4.3.0-8)

time: Wed Apr 13 12:36:46 2016
elapsed time: 91 seconds (0d 0h 1m 31s)

